#
# A fatal error has been detected by the Java Runtime Environment:
#
#  SIGSEGV (0xb) at pc=0x0000000103e03854, pid=17307, tid=10499
#
# JRE version: OpenJDK Runtime Environment (15.0.2+7) (build 15.0.2+7-27)
# Java VM: OpenJDK 64-Bit Server VM (15.0.2+7-27, mixed mode, tiered, compressed oops, g1 gc, bsd-amd64)
# Problematic frame:
# V  [libjvm.dylib+0x3854]  AccessInternal::PostRuntimeDispatch<G1BarrierSet::AccessBarrier<548980ull, G1BarrierSet>, (AccessInternal::BarrierType)2, 548980ull>::oop_access_barrier(void*)+0x4
#
# No core dump will be written. Core dumps have been disabled. To enable core dumping, try "ulimit -c unlimited" before starting Java again
#
# If you would like to submit a bug report, please visit:
#   https://bugreport.java.com/bugreport/crash.jsp
#

---------------  S U M M A R Y ------------

Command Line: -Dfile.encoding=UTF-8 -XX:+ShowCodeDetailsInExceptionMessages org.apache.catalina.startup.Tomcat$1

Host: MacBookPro11,4 x86_64 2200 MHz, 8 cores, 16G, Darwin 19.6.0
Time: Sun Nov  6 17:32:28 2022 +07 elapsed time: 0.219312 seconds (0d 0h 0m 0s)

---------------  T H R E A D  ---------------

Current thread (0x00007fcd2b01f000):  JavaThread "main" [_thread_in_vm, id=10499, stack(0x000070000b6d6000,0x000070000b7d6000)]

Stack: [0x000070000b6d6000,0x000070000b7d6000],  sp=0x000070000b7d5df0,  free space=1023k
Native frames: (J=compiled Java code, A=aot compiled Java code, j=interpreted, Vv=VM code, C=native code)
V  [libjvm.dylib+0x3854]  AccessInternal::PostRuntimeDispatch<G1BarrierSet::AccessBarrier<548980ull, G1BarrierSet>, (AccessInternal::BarrierType)2, 548980ull>::oop_access_barrier(void*)+0x4
V  [libjvm.dylib+0x518281]  jni_GetStringUTFChars+0xd1
C  [libjli.dylib+0x79ed]  PostJVMInit+0xad
C  [libjli.dylib+0x4ed8]  JavaMain+0xbb8
C  [libjli.dylib+0x7659]  ThreadJavaMain+0x9
C  [libsystem_pthread.dylib+0x6109]  _pthread_start+0x94
C  [libsystem_pthread.dylib+0x1b8b]  thread_start+0xf


siginfo: si_signo: 11 (SIGSEGV), si_code: 1 (SEGV_MAPERR), si_addr: 0x0000000000000000

Register to memory mapping:

RAX=0x0000000102d0f000 points into unknown readable memory: 0x0000000000000000 | 00 00 00 00 00 00 00 00
RBX=0x00007fcd2b01f328 points into unknown readable memory: 0x00000001049cff70 | 70 ff 9c 04 01 00 00 00
RCX=0x00000001049cff70: jni_NativeInterface+0 in /Users/ledung/.p2/pool/plugins/org.eclipse.justj.openjdk.hotspot.jre.full.macosx.x86_64_15.0.2.v20210201-0955/jre/lib/server/libjvm.dylib at 0x0000000103e00000
RDX=0x0 is NULL
RSP=0x000070000b7d5df0 is pointing into the stack for thread: 0x00007fcd2b01f000
RBP=0x000070000b7d5df0 is pointing into the stack for thread: 0x00007fcd2b01f000
RSI=0x0 is NULL
RDI=0x0 is NULL
R8 ={method} {0x00000001101dcde0} 'getCanonicalName' '()Ljava/lang/String;' in 'java/lang/Class'
R9 =0x00007fcd29c48fb0 points into unknown readable memory: 0x00000001101dcde0 | e0 cd 1d 10 01 00 00 00
R10=0x0000000104a4e1c0: _ZN19TemplateInterpreter13_active_tableE+0x4800 in /Users/ledung/.p2/pool/plugins/org.eclipse.justj.openjdk.hotspot.jre.full.macosx.x86_64_15.0.2.v20210201-0955/jre/lib/server/libjvm.dylib at 0x0000000103e00000
R11=0x0 is NULL
R12=0x00007fcd2b01f000 is a thread
R13=0x0 is NULL
R14=0x0 is NULL
R15=0x0 is NULL


Registers:
RAX=0x0000000102d0f000, RBX=0x00007fcd2b01f328, RCX=0x00000001049cff70, RDX=0x0000000000000000
RSP=0x000070000b7d5df0, RBP=0x000070000b7d5df0, RSI=0x0000000000000000, RDI=0x0000000000000000
R8 =0x00000001101dcde0, R9 =0x00007fcd29c48fb0, R10=0x0000000104a4e1c0, R11=0x0000000000000000
R12=0x00007fcd2b01f000, R13=0x0000000000000000, R14=0x0000000000000000, R15=0x0000000000000000
RIP=0x0000000103e03854, EFLAGS=0x0000000000010246, ERR=0x0000000000000004
  TRAPNO=0x000000000000000e

Top of Stack: (sp=0x000070000b7d5df0)
0x000070000b7d5df0:   000070000b7d5e80 0000000104318281
0x000070000b7d5e00:   00007fcd2b01f000 0000000000000000
0x000070000b7d5e10:   0000000102ce8b92 00007fcd2b01f000
0x000070000b7d5e20:   833494f39c840098 00007fcd2b01f328
0x000070000b7d5e30:   00007fcd2b01f000 0000000000000000
0x000070000b7d5e40:   00007fcd2b01f328 00007fcd2b01f000
0x000070000b7d5e50:   000070000b7d5e80 00007fcd2b01f328
0x000070000b7d5e60:   00007fcd29e10018 0000000000000000
0x000070000b7d5e70:   0000000000000000 00007fcd29e10010
0x000070000b7d5e80:   000070000b7d5f10 0000000102ce49ed
0x000070000b7d5e90:   00007fcd2b01f328 00007fcd2b01f000
0x000070000b7d5ea0:   000070000b7d5ed0 0000000104304897
0x000070000b7d5eb0:   833494f39c840098 00007fcd29e0fff8
0x000070000b7d5ec0:   00007fcd29e10018 0000000000000000
0x000070000b7d5ed0:   00007fcd2b01f328 00007fcd2b01f000
0x000070000b7d5ee0:   000070000b7d5f10 833494f39c840098
0x000070000b7d5ef0:   00007fcd29e0fff8 00007fcd29e10018
0x000070000b7d5f00:   00007fcd29e10028 00007fcd29e10010
0x000070000b7d5f10:   000070000b7d5fa0 0000000102ce1ed8
0x000070000b7d5f20:   0000000000000000 0005eccad2d5f34e
0x000070000b7d5f30:   0000000500010002 00007fcd29e06720
0x000070000b7d5f40:   0000000000000000 0000000000000000
0x000070000b7d5f50:   00007fcd29d04240 0000000000000001
0x000070000b7d5f60:   00007fcd29d041c0 00007fcd2b01f328
0x000070000b7d5f70:   00000001049cff68 000070000b7d6000
0x000070000b7d5f80:   0000000000000000 0000000000000000
0x000070000b7d5f90:   0000000000000000 0000000000000000
0x000070000b7d5fa0:   000070000b7d5fb0 0000000102ce4659
0x000070000b7d5fb0:   000070000b7d5fd0 00007fff6c25e109
0x000070000b7d5fc0:   0000000000000000 0000000000000000
0x000070000b7d5fd0:   000070000b7d5ff0 00007fff6c259b8b
0x000070000b7d5fe0:   0000000000000000 0000000000000000 

Instructions: (pc=0x0000000103e03854)
0x0000000103e03754:   ff 0b 73 0e 48 63 c7 48 8d 0d 2e a9 ae 00 8b 04
0x0000000103e03764:   81 c3 55 48 89 e5 48 8d 3d e3 be a6 00 be 9c 00
0x0000000103e03774:   00 00 e8 b5 c1 2f 00 e8 20 63 82 00 31 c0 5d c3
0x0000000103e03784:   66 66 66 2e 0f 1f 84 00 00 00 00 00 55 48 89 e5
0x0000000103e03794:   48 8b 47 08 0f b7 48 32 0f b7 40 30 8d 44 01 19
0x0000000103e037a4:   5d c3 66 2e 0f 1f 84 00 00 00 00 00 55 48 89 e5
0x0000000103e037b4:   53 50 48 89 fb 48 8d 0d 78 c8 c2 00 48 8d 05 59
0x0000000103e037c4:   0f c0 00 48 8b 00 8b 40 10 ff c8 80 39 00 74 10
0x0000000103e037d4:   83 f8 04 73 1f 48 98 48 8d 0d fe 50 b2 00 eb 0e
0x0000000103e037e4:   83 f8 04 73 0f 48 98 48 8d 0d 0e 51 b2 00 48 8b
0x0000000103e037f4:   04 c1 eb 21 48 8d 3d 8c be a6 00 48 8d 15 b5 be
0x0000000103e03804:   a6 00 be e8 00 00 00 31 c0 e8 1e bf 2f 00 e8 89
0x0000000103e03814:   62 82 00 31 c0 48 89 05 10 8f bc 00 48 89 df 48
0x0000000103e03824:   83 c4 08 5b 5d ff e0 0f 1f 44 00 00 55 48 89 e5
0x0000000103e03834:   48 8b 07 5d c3 0f 1f 80 00 00 00 00 55 48 89 e5
0x0000000103e03844:   48 8b 07 5d c3 0f 1f 80 00 00 00 00 55 48 89 e5
0x0000000103e03854:   48 8b 07 5d c3 0f 1f 80 00 00 00 00 55 48 89 e5
0x0000000103e03864:   41 57 41 56 53 50 49 89 fe 49 8b 1e 4c 8d 3d c1
0x0000000103e03874:   e4 c5 00 49 85 1f 74 3c 48 89 df e8 5c 5c a3 00
0x0000000103e03884:   48 89 c1 48 85 c9 74 29 48 89 d8 f0 49 0f b1 0e
0x0000000103e03894:   48 89 c2 48 39 da 74 19 0f 1f 40 00 49 85 17 74
0x0000000103e038a4:   10 48 89 d0 f0 49 0f b1 0e 48 39 d0 48 89 c2 75
0x0000000103e038b4:   eb 48 89 cb 48 89 d8 48 83 c4 08 5b 41 5e 41 5f
0x0000000103e038c4:   5d c3 66 2e 0f 1f 84 00 00 00 00 00 55 48 89 e5
0x0000000103e038d4:   48 8b 07 5d c3 0f 1f 80 00 00 00 00 55 48 89 e5
0x0000000103e038e4:   48 8b 07 5d c3 0f 1f 80 00 00 00 00 55 48 89 e5
0x0000000103e038f4:   48 8b 07 5d c3 0f 1f 80 00 00 00 00 55 48 89 e5
0x0000000103e03904:   41 57 41 56 53 50 49 89 fe 49 8b 1e 4c 8d 3d 21
0x0000000103e03914:   e4 c5 00 49 85 1f 74 3c 48 89 df e8 bc 5b a3 00
0x0000000103e03924:   48 89 c1 48 85 c9 74 29 48 89 d8 f0 49 0f b1 0e
0x0000000103e03934:   48 89 c2 48 39 da 74 19 0f 1f 40 00 49 85 17 74
0x0000000103e03944:   10 48 89 d0 f0 49 0f b1 0e 48 39 d0 48 89 c2 75 


Stack slot to memory mapping:
stack at sp + 0 slots: 0x000070000b7d5e80 is pointing into the stack for thread: 0x00007fcd2b01f000
stack at sp + 1 slots: 0x0000000104318281: jni_GetStringUTFChars+0xd1 in /Users/ledung/.p2/pool/plugins/org.eclipse.justj.openjdk.hotspot.jre.full.macosx.x86_64_15.0.2.v20210201-0955/jre/lib/server/libjvm.dylib at 0x0000000103e00000
stack at sp + 2 slots: 0x00007fcd2b01f000 is a thread
stack at sp + 3 slots: 0x0 is NULL
stack at sp + 4 slots: 0x0000000102ce8b92: JLI_WildcardExpandClasspath+0x2282 in /Users/ledung/.p2/pool/plugins/org.eclipse.justj.openjdk.hotspot.jre.full.macosx.x86_64_15.0.2.v20210201-0955/jre/lib/libjli.dylib at 0x0000000102cdd000
stack at sp + 5 slots: 0x00007fcd2b01f000 is a thread
stack at sp + 6 slots: 0x833494f39c840098 is an unknown value
stack at sp + 7 slots: 0x00007fcd2b01f328 points into unknown readable memory: 0x00000001049cff70 | 70 ff 9c 04 01 00 00 00


---------------  P R O C E S S  ---------------

Threads class SMR info:
_java_thread_list=0x00007fcd29c3d940, length=10, elements={
0x00007fcd2b01f000, 0x00007fcd2a013000, 0x00007fcd2a013600, 0x00007fcd2e008200,
0x00007fcd2e008800, 0x00007fcd2e008e00, 0x00007fcd2e009400, 0x00007fcd2e009a00,
0x00007fcd2a81b600, 0x00007fcd2a02aa00
}

Java Threads: ( => current thread )
=>0x00007fcd2b01f000 JavaThread "main" [_thread_in_vm, id=10499, stack(0x000070000b6d6000,0x000070000b7d6000)]
  0x00007fcd2a013000 JavaThread "Reference Handler" daemon [_thread_blocked, id=14595, stack(0x000070000bdeb000,0x000070000beeb000)]
  0x00007fcd2a013600 JavaThread "Finalizer" daemon [_thread_blocked, id=15107, stack(0x000070000beee000,0x000070000bfee000)]
  0x00007fcd2e008200 JavaThread "Signal Dispatcher" daemon [_thread_blocked, id=41987, stack(0x000070000c0f7000,0x000070000c1f7000)]
  0x00007fcd2e008800 JavaThread "Service Thread" daemon [_thread_blocked, id=23043, stack(0x000070000c1fa000,0x000070000c2fa000)]
  0x00007fcd2e008e00 JavaThread "C2 CompilerThread0" daemon [_thread_blocked, id=40963, stack(0x000070000c2fd000,0x000070000c3fd000)]
  0x00007fcd2e009400 JavaThread "C1 CompilerThread0" daemon [_thread_blocked, id=40451, stack(0x000070000c400000,0x000070000c500000)]
  0x00007fcd2e009a00 JavaThread "Sweeper thread" daemon [_thread_blocked, id=40195, stack(0x000070000c503000,0x000070000c603000)]
  0x00007fcd2a81b600 JavaThread "Notification Thread" daemon [_thread_blocked, id=25091, stack(0x000070000c606000,0x000070000c706000)]
  0x00007fcd2a02aa00 JavaThread "Common-Cleaner" daemon [_thread_blocked, id=26115, stack(0x000070000c80c000,0x000070000c90c000)]

Other Threads:
  0x00007fcd29c1e930 VMThread "VM Thread" [stack: 0x000070000bce8000,0x000070000bde8000] [id=13827]
  0x00007fcd29d10110 WatcherThread [stack: 0x000070000c709000,0x000070000c809000] [id=25603]
  0x00007fcd29e1bd60 GCTaskThread "GC Thread#0" [stack: 0x000070000b7d9000,0x000070000b8d9000] [id=19459]
  0x00007fcd29e1cf30 ConcurrentGCThread "G1 Main Marker" [stack: 0x000070000b8dc000,0x000070000b9dc000] [id=19203]
  0x00007fcd29e1e030 ConcurrentGCThread "G1 Conc#0" [stack: 0x000070000b9df000,0x000070000badf000] [id=18435]
  0x00007fcd29e3ac70 ConcurrentGCThread "G1 Refine#0" [stack: 0x000070000bae2000,0x000070000bbe2000] [id=13315]
  0x00007fcd29e3bd20 ConcurrentGCThread "G1 Young RemSet Sampling" [stack: 0x000070000bbe5000,0x000070000bce5000] [id=18179]

Threads with active compile tasks:

VM state: not at safepoint (normal execution)

VM Mutex/Monitor currently owned by a thread: None

Heap address: 0x0000000700000000, size: 4096 MB, Compressed Oops mode: Zero based, Oop shift amount: 3
CDS disabled.
Compressed class space mapped at: 0x0000000800000000-0x0000000840000000, size: 1073741824
Narrow klass base: 0x0000000800000000, Narrow klass shift: 0, Narrow klass range: 0x40000000

GC Precious Log:
 CPUs: 8 total, 8 available
 Memory: 16384M
 Large Page Support: Disabled
 NUMA Support: Disabled
 Compressed Oops: Enabled (Zero based)
 Heap Region Size: 2M
 Heap Min Capacity: 8M
 Heap Initial Capacity: 256M
 Heap Max Capacity: 4G
 Pre-touch: Disabled
 Parallel Workers: 8
 Concurrent Workers: 2
 Concurrent Refinement Workers: 8
 Periodic GC: Disabled

Heap:
 garbage-first heap   total 262144K, used 2048K [0x0000000700000000, 0x0000000800000000)
  region size 2048K, 3 young (6144K), 0 survivors (0K)
 Metaspace       used 6036K, capacity 6134K, committed 6528K, reserved 1056768K
  class space    used 491K, capacity 530K, committed 640K, reserved 1048576K

Heap Regions: E=young(eden), S=young(survivor), O=old, HS=humongous(starts), HC=humongous(continues), CS=collection set, F=free, OA=open archive, CA=closed archive, TAMS=top-at-mark-start (previous, next)
|   0|0x0000000700000000, 0x0000000700000000, 0x0000000700200000|  0%| F|  |TAMS 0x0000000700000000, 0x0000000700000000| Untracked 
|   1|0x0000000700200000, 0x0000000700200000, 0x0000000700400000|  0%| F|  |TAMS 0x0000000700200000, 0x0000000700200000| Untracked 
|   2|0x0000000700400000, 0x0000000700400000, 0x0000000700600000|  0%| F|  |TAMS 0x0000000700400000, 0x0000000700400000| Untracked 
|   3|0x0000000700600000, 0x0000000700600000, 0x0000000700800000|  0%| F|  |TAMS 0x0000000700600000, 0x0000000700600000| Untracked 
|   4|0x0000000700800000, 0x0000000700800000, 0x0000000700a00000|  0%| F|  |TAMS 0x0000000700800000, 0x0000000700800000| Untracked 
|   5|0x0000000700a00000, 0x0000000700a00000, 0x0000000700c00000|  0%| F|  |TAMS 0x0000000700a00000, 0x0000000700a00000| Untracked 
|   6|0x0000000700c00000, 0x0000000700c00000, 0x0000000700e00000|  0%| F|  |TAMS 0x0000000700c00000, 0x0000000700c00000| Untracked 
|   7|0x0000000700e00000, 0x0000000700e00000, 0x0000000701000000|  0%| F|  |TAMS 0x0000000700e00000, 0x0000000700e00000| Untracked 
|   8|0x0000000701000000, 0x0000000701000000, 0x0000000701200000|  0%| F|  |TAMS 0x0000000701000000, 0x0000000701000000| Untracked 
|   9|0x0000000701200000, 0x0000000701200000, 0x0000000701400000|  0%| F|  |TAMS 0x0000000701200000, 0x0000000701200000| Untracked 
|  10|0x0000000701400000, 0x0000000701400000, 0x0000000701600000|  0%| F|  |TAMS 0x0000000701400000, 0x0000000701400000| Untracked 
|  11|0x0000000701600000, 0x0000000701600000, 0x0000000701800000|  0%| F|  |TAMS 0x0000000701600000, 0x0000000701600000| Untracked 
|  12|0x0000000701800000, 0x0000000701800000, 0x0000000701a00000|  0%| F|  |TAMS 0x0000000701800000, 0x0000000701800000| Untracked 
|  13|0x0000000701a00000, 0x0000000701a00000, 0x0000000701c00000|  0%| F|  |TAMS 0x0000000701a00000, 0x0000000701a00000| Untracked 
|  14|0x0000000701c00000, 0x0000000701c00000, 0x0000000701e00000|  0%| F|  |TAMS 0x0000000701c00000, 0x0000000701c00000| Untracked 
|  15|0x0000000701e00000, 0x0000000701e00000, 0x0000000702000000|  0%| F|  |TAMS 0x0000000701e00000, 0x0000000701e00000| Untracked 
|  16|0x0000000702000000, 0x0000000702000000, 0x0000000702200000|  0%| F|  |TAMS 0x0000000702000000, 0x0000000702000000| Untracked 
|  17|0x0000000702200000, 0x0000000702200000, 0x0000000702400000|  0%| F|  |TAMS 0x0000000702200000, 0x0000000702200000| Untracked 
|  18|0x0000000702400000, 0x0000000702400000, 0x0000000702600000|  0%| F|  |TAMS 0x0000000702400000, 0x0000000702400000| Untracked 
|  19|0x0000000702600000, 0x0000000702600000, 0x0000000702800000|  0%| F|  |TAMS 0x0000000702600000, 0x0000000702600000| Untracked 
|  20|0x0000000702800000, 0x0000000702800000, 0x0000000702a00000|  0%| F|  |TAMS 0x0000000702800000, 0x0000000702800000| Untracked 
|  21|0x0000000702a00000, 0x0000000702a00000, 0x0000000702c00000|  0%| F|  |TAMS 0x0000000702a00000, 0x0000000702a00000| Untracked 
|  22|0x0000000702c00000, 0x0000000702c00000, 0x0000000702e00000|  0%| F|  |TAMS 0x0000000702c00000, 0x0000000702c00000| Untracked 
|  23|0x0000000702e00000, 0x0000000702e00000, 0x0000000703000000|  0%| F|  |TAMS 0x0000000702e00000, 0x0000000702e00000| Untracked 
|  24|0x0000000703000000, 0x0000000703000000, 0x0000000703200000|  0%| F|  |TAMS 0x0000000703000000, 0x0000000703000000| Untracked 
|  25|0x0000000703200000, 0x0000000703200000, 0x0000000703400000|  0%| F|  |TAMS 0x0000000703200000, 0x0000000703200000| Untracked 
|  26|0x0000000703400000, 0x0000000703400000, 0x0000000703600000|  0%| F|  |TAMS 0x0000000703400000, 0x0000000703400000| Untracked 
|  27|0x0000000703600000, 0x0000000703600000, 0x0000000703800000|  0%| F|  |TAMS 0x0000000703600000, 0x0000000703600000| Untracked 
|  28|0x0000000703800000, 0x0000000703800000, 0x0000000703a00000|  0%| F|  |TAMS 0x0000000703800000, 0x0000000703800000| Untracked 
|  29|0x0000000703a00000, 0x0000000703a00000, 0x0000000703c00000|  0%| F|  |TAMS 0x0000000703a00000, 0x0000000703a00000| Untracked 
|  30|0x0000000703c00000, 0x0000000703c00000, 0x0000000703e00000|  0%| F|  |TAMS 0x0000000703c00000, 0x0000000703c00000| Untracked 
|  31|0x0000000703e00000, 0x0000000703e00000, 0x0000000704000000|  0%| F|  |TAMS 0x0000000703e00000, 0x0000000703e00000| Untracked 
|  32|0x0000000704000000, 0x0000000704000000, 0x0000000704200000|  0%| F|  |TAMS 0x0000000704000000, 0x0000000704000000| Untracked 
|  33|0x0000000704200000, 0x0000000704200000, 0x0000000704400000|  0%| F|  |TAMS 0x0000000704200000, 0x0000000704200000| Untracked 
|  34|0x0000000704400000, 0x0000000704400000, 0x0000000704600000|  0%| F|  |TAMS 0x0000000704400000, 0x0000000704400000| Untracked 
|  35|0x0000000704600000, 0x0000000704600000, 0x0000000704800000|  0%| F|  |TAMS 0x0000000704600000, 0x0000000704600000| Untracked 
|  36|0x0000000704800000, 0x0000000704800000, 0x0000000704a00000|  0%| F|  |TAMS 0x0000000704800000, 0x0000000704800000| Untracked 
|  37|0x0000000704a00000, 0x0000000704a00000, 0x0000000704c00000|  0%| F|  |TAMS 0x0000000704a00000, 0x0000000704a00000| Untracked 
|  38|0x0000000704c00000, 0x0000000704c00000, 0x0000000704e00000|  0%| F|  |TAMS 0x0000000704c00000, 0x0000000704c00000| Untracked 
|  39|0x0000000704e00000, 0x0000000704e00000, 0x0000000705000000|  0%| F|  |TAMS 0x0000000704e00000, 0x0000000704e00000| Untracked 
|  40|0x0000000705000000, 0x0000000705000000, 0x0000000705200000|  0%| F|  |TAMS 0x0000000705000000, 0x0000000705000000| Untracked 
|  41|0x0000000705200000, 0x0000000705200000, 0x0000000705400000|  0%| F|  |TAMS 0x0000000705200000, 0x0000000705200000| Untracked 
|  42|0x0000000705400000, 0x0000000705400000, 0x0000000705600000|  0%| F|  |TAMS 0x0000000705400000, 0x0000000705400000| Untracked 
|  43|0x0000000705600000, 0x0000000705600000, 0x0000000705800000|  0%| F|  |TAMS 0x0000000705600000, 0x0000000705600000| Untracked 
|  44|0x0000000705800000, 0x0000000705800000, 0x0000000705a00000|  0%| F|  |TAMS 0x0000000705800000, 0x0000000705800000| Untracked 
|  45|0x0000000705a00000, 0x0000000705a00000, 0x0000000705c00000|  0%| F|  |TAMS 0x0000000705a00000, 0x0000000705a00000| Untracked 
|  46|0x0000000705c00000, 0x0000000705c00000, 0x0000000705e00000|  0%| F|  |TAMS 0x0000000705c00000, 0x0000000705c00000| Untracked 
|  47|0x0000000705e00000, 0x0000000705e00000, 0x0000000706000000|  0%| F|  |TAMS 0x0000000705e00000, 0x0000000705e00000| Untracked 
|  48|0x0000000706000000, 0x0000000706000000, 0x0000000706200000|  0%| F|  |TAMS 0x0000000706000000, 0x0000000706000000| Untracked 
|  49|0x0000000706200000, 0x0000000706200000, 0x0000000706400000|  0%| F|  |TAMS 0x0000000706200000, 0x0000000706200000| Untracked 
|  50|0x0000000706400000, 0x0000000706400000, 0x0000000706600000|  0%| F|  |TAMS 0x0000000706400000, 0x0000000706400000| Untracked 
|  51|0x0000000706600000, 0x0000000706600000, 0x0000000706800000|  0%| F|  |TAMS 0x0000000706600000, 0x0000000706600000| Untracked 
|  52|0x0000000706800000, 0x0000000706800000, 0x0000000706a00000|  0%| F|  |TAMS 0x0000000706800000, 0x0000000706800000| Untracked 
|  53|0x0000000706a00000, 0x0000000706a00000, 0x0000000706c00000|  0%| F|  |TAMS 0x0000000706a00000, 0x0000000706a00000| Untracked 
|  54|0x0000000706c00000, 0x0000000706c00000, 0x0000000706e00000|  0%| F|  |TAMS 0x0000000706c00000, 0x0000000706c00000| Untracked 
|  55|0x0000000706e00000, 0x0000000706e00000, 0x0000000707000000|  0%| F|  |TAMS 0x0000000706e00000, 0x0000000706e00000| Untracked 
|  56|0x0000000707000000, 0x0000000707000000, 0x0000000707200000|  0%| F|  |TAMS 0x0000000707000000, 0x0000000707000000| Untracked 
|  57|0x0000000707200000, 0x0000000707200000, 0x0000000707400000|  0%| F|  |TAMS 0x0000000707200000, 0x0000000707200000| Untracked 
|  58|0x0000000707400000, 0x0000000707400000, 0x0000000707600000|  0%| F|  |TAMS 0x0000000707400000, 0x0000000707400000| Untracked 
|  59|0x0000000707600000, 0x0000000707600000, 0x0000000707800000|  0%| F|  |TAMS 0x0000000707600000, 0x0000000707600000| Untracked 
|  60|0x0000000707800000, 0x0000000707800000, 0x0000000707a00000|  0%| F|  |TAMS 0x0000000707800000, 0x0000000707800000| Untracked 
|  61|0x0000000707a00000, 0x0000000707a00000, 0x0000000707c00000|  0%| F|  |TAMS 0x0000000707a00000, 0x0000000707a00000| Untracked 
|  62|0x0000000707c00000, 0x0000000707c00000, 0x0000000707e00000|  0%| F|  |TAMS 0x0000000707c00000, 0x0000000707c00000| Untracked 
|  63|0x0000000707e00000, 0x0000000707e00000, 0x0000000708000000|  0%| F|  |TAMS 0x0000000707e00000, 0x0000000707e00000| Untracked 
|  64|0x0000000708000000, 0x0000000708000000, 0x0000000708200000|  0%| F|  |TAMS 0x0000000708000000, 0x0000000708000000| Untracked 
|  65|0x0000000708200000, 0x0000000708200000, 0x0000000708400000|  0%| F|  |TAMS 0x0000000708200000, 0x0000000708200000| Untracked 
|  66|0x0000000708400000, 0x0000000708400000, 0x0000000708600000|  0%| F|  |TAMS 0x0000000708400000, 0x0000000708400000| Untracked 
|  67|0x0000000708600000, 0x0000000708600000, 0x0000000708800000|  0%| F|  |TAMS 0x0000000708600000, 0x0000000708600000| Untracked 
|  68|0x0000000708800000, 0x0000000708800000, 0x0000000708a00000|  0%| F|  |TAMS 0x0000000708800000, 0x0000000708800000| Untracked 
|  69|0x0000000708a00000, 0x0000000708a00000, 0x0000000708c00000|  0%| F|  |TAMS 0x0000000708a00000, 0x0000000708a00000| Untracked 
|  70|0x0000000708c00000, 0x0000000708c00000, 0x0000000708e00000|  0%| F|  |TAMS 0x0000000708c00000, 0x0000000708c00000| Untracked 
|  71|0x0000000708e00000, 0x0000000708e00000, 0x0000000709000000|  0%| F|  |TAMS 0x0000000708e00000, 0x0000000708e00000| Untracked 
|  72|0x0000000709000000, 0x0000000709000000, 0x0000000709200000|  0%| F|  |TAMS 0x0000000709000000, 0x0000000709000000| Untracked 
|  73|0x0000000709200000, 0x0000000709200000, 0x0000000709400000|  0%| F|  |TAMS 0x0000000709200000, 0x0000000709200000| Untracked 
|  74|0x0000000709400000, 0x0000000709400000, 0x0000000709600000|  0%| F|  |TAMS 0x0000000709400000, 0x0000000709400000| Untracked 
|  75|0x0000000709600000, 0x0000000709600000, 0x0000000709800000|  0%| F|  |TAMS 0x0000000709600000, 0x0000000709600000| Untracked 
|  76|0x0000000709800000, 0x0000000709800000, 0x0000000709a00000|  0%| F|  |TAMS 0x0000000709800000, 0x0000000709800000| Untracked 
|  77|0x0000000709a00000, 0x0000000709a00000, 0x0000000709c00000|  0%| F|  |TAMS 0x0000000709a00000, 0x0000000709a00000| Untracked 
|  78|0x0000000709c00000, 0x0000000709c00000, 0x0000000709e00000|  0%| F|  |TAMS 0x0000000709c00000, 0x0000000709c00000| Untracked 
|  79|0x0000000709e00000, 0x0000000709e00000, 0x000000070a000000|  0%| F|  |TAMS 0x0000000709e00000, 0x0000000709e00000| Untracked 
|  80|0x000000070a000000, 0x000000070a000000, 0x000000070a200000|  0%| F|  |TAMS 0x000000070a000000, 0x000000070a000000| Untracked 
|  81|0x000000070a200000, 0x000000070a200000, 0x000000070a400000|  0%| F|  |TAMS 0x000000070a200000, 0x000000070a200000| Untracked 
|  82|0x000000070a400000, 0x000000070a400000, 0x000000070a600000|  0%| F|  |TAMS 0x000000070a400000, 0x000000070a400000| Untracked 
|  83|0x000000070a600000, 0x000000070a600000, 0x000000070a800000|  0%| F|  |TAMS 0x000000070a600000, 0x000000070a600000| Untracked 
|  84|0x000000070a800000, 0x000000070a800000, 0x000000070aa00000|  0%| F|  |TAMS 0x000000070a800000, 0x000000070a800000| Untracked 
|  85|0x000000070aa00000, 0x000000070aa00000, 0x000000070ac00000|  0%| F|  |TAMS 0x000000070aa00000, 0x000000070aa00000| Untracked 
|  86|0x000000070ac00000, 0x000000070ac00000, 0x000000070ae00000|  0%| F|  |TAMS 0x000000070ac00000, 0x000000070ac00000| Untracked 
|  87|0x000000070ae00000, 0x000000070ae00000, 0x000000070b000000|  0%| F|  |TAMS 0x000000070ae00000, 0x000000070ae00000| Untracked 
|  88|0x000000070b000000, 0x000000070b000000, 0x000000070b200000|  0%| F|  |TAMS 0x000000070b000000, 0x000000070b000000| Untracked 
|  89|0x000000070b200000, 0x000000070b200000, 0x000000070b400000|  0%| F|  |TAMS 0x000000070b200000, 0x000000070b200000| Untracked 
|  90|0x000000070b400000, 0x000000070b400000, 0x000000070b600000|  0%| F|  |TAMS 0x000000070b400000, 0x000000070b400000| Untracked 
|  91|0x000000070b600000, 0x000000070b600000, 0x000000070b800000|  0%| F|  |TAMS 0x000000070b600000, 0x000000070b600000| Untracked 
|  92|0x000000070b800000, 0x000000070b800000, 0x000000070ba00000|  0%| F|  |TAMS 0x000000070b800000, 0x000000070b800000| Untracked 
|  93|0x000000070ba00000, 0x000000070ba00000, 0x000000070bc00000|  0%| F|  |TAMS 0x000000070ba00000, 0x000000070ba00000| Untracked 
|  94|0x000000070bc00000, 0x000000070bc00000, 0x000000070be00000|  0%| F|  |TAMS 0x000000070bc00000, 0x000000070bc00000| Untracked 
|  95|0x000000070be00000, 0x000000070be00000, 0x000000070c000000|  0%| F|  |TAMS 0x000000070be00000, 0x000000070be00000| Untracked 
|  96|0x000000070c000000, 0x000000070c000000, 0x000000070c200000|  0%| F|  |TAMS 0x000000070c000000, 0x000000070c000000| Untracked 
|  97|0x000000070c200000, 0x000000070c200000, 0x000000070c400000|  0%| F|  |TAMS 0x000000070c200000, 0x000000070c200000| Untracked 
|  98|0x000000070c400000, 0x000000070c400000, 0x000000070c600000|  0%| F|  |TAMS 0x000000070c400000, 0x000000070c400000| Untracked 
|  99|0x000000070c600000, 0x000000070c600000, 0x000000070c800000|  0%| F|  |TAMS 0x000000070c600000, 0x000000070c600000| Untracked 
| 100|0x000000070c800000, 0x000000070c800000, 0x000000070ca00000|  0%| F|  |TAMS 0x000000070c800000, 0x000000070c800000| Untracked 
| 101|0x000000070ca00000, 0x000000070ca00000, 0x000000070cc00000|  0%| F|  |TAMS 0x000000070ca00000, 0x000000070ca00000| Untracked 
| 102|0x000000070cc00000, 0x000000070cc00000, 0x000000070ce00000|  0%| F|  |TAMS 0x000000070cc00000, 0x000000070cc00000| Untracked 
| 103|0x000000070ce00000, 0x000000070ce00000, 0x000000070d000000|  0%| F|  |TAMS 0x000000070ce00000, 0x000000070ce00000| Untracked 
| 104|0x000000070d000000, 0x000000070d000000, 0x000000070d200000|  0%| F|  |TAMS 0x000000070d000000, 0x000000070d000000| Untracked 
| 105|0x000000070d200000, 0x000000070d200000, 0x000000070d400000|  0%| F|  |TAMS 0x000000070d200000, 0x000000070d200000| Untracked 
| 106|0x000000070d400000, 0x000000070d400000, 0x000000070d600000|  0%| F|  |TAMS 0x000000070d400000, 0x000000070d400000| Untracked 
| 107|0x000000070d600000, 0x000000070d600000, 0x000000070d800000|  0%| F|  |TAMS 0x000000070d600000, 0x000000070d600000| Untracked 
| 108|0x000000070d800000, 0x000000070d800000, 0x000000070da00000|  0%| F|  |TAMS 0x000000070d800000, 0x000000070d800000| Untracked 
| 109|0x000000070da00000, 0x000000070da00000, 0x000000070dc00000|  0%| F|  |TAMS 0x000000070da00000, 0x000000070da00000| Untracked 
| 110|0x000000070dc00000, 0x000000070dc00000, 0x000000070de00000|  0%| F|  |TAMS 0x000000070dc00000, 0x000000070dc00000| Untracked 
| 111|0x000000070de00000, 0x000000070de00000, 0x000000070e000000|  0%| F|  |TAMS 0x000000070de00000, 0x000000070de00000| Untracked 
| 112|0x000000070e000000, 0x000000070e000000, 0x000000070e200000|  0%| F|  |TAMS 0x000000070e000000, 0x000000070e000000| Untracked 
| 113|0x000000070e200000, 0x000000070e200000, 0x000000070e400000|  0%| F|  |TAMS 0x000000070e200000, 0x000000070e200000| Untracked 
| 114|0x000000070e400000, 0x000000070e400000, 0x000000070e600000|  0%| F|  |TAMS 0x000000070e400000, 0x000000070e400000| Untracked 
| 115|0x000000070e600000, 0x000000070e600000, 0x000000070e800000|  0%| F|  |TAMS 0x000000070e600000, 0x000000070e600000| Untracked 
| 116|0x000000070e800000, 0x000000070e800000, 0x000000070ea00000|  0%| F|  |TAMS 0x000000070e800000, 0x000000070e800000| Untracked 
| 117|0x000000070ea00000, 0x000000070ea00000, 0x000000070ec00000|  0%| F|  |TAMS 0x000000070ea00000, 0x000000070ea00000| Untracked 
| 118|0x000000070ec00000, 0x000000070ec00000, 0x000000070ee00000|  0%| F|  |TAMS 0x000000070ec00000, 0x000000070ec00000| Untracked 
| 119|0x000000070ee00000, 0x000000070ee00000, 0x000000070f000000|  0%| F|  |TAMS 0x000000070ee00000, 0x000000070ee00000| Untracked 
| 120|0x000000070f000000, 0x000000070f000000, 0x000000070f200000|  0%| F|  |TAMS 0x000000070f000000, 0x000000070f000000| Untracked 
| 121|0x000000070f200000, 0x000000070f200000, 0x000000070f400000|  0%| F|  |TAMS 0x000000070f200000, 0x000000070f200000| Untracked 
| 122|0x000000070f400000, 0x000000070f400000, 0x000000070f600000|  0%| F|  |TAMS 0x000000070f400000, 0x000000070f400000| Untracked 
| 123|0x000000070f600000, 0x000000070f600000, 0x000000070f800000|  0%| F|  |TAMS 0x000000070f600000, 0x000000070f600000| Untracked 
| 124|0x000000070f800000, 0x000000070f800000, 0x000000070fa00000|  0%| F|  |TAMS 0x000000070f800000, 0x000000070f800000| Untracked 
| 125|0x000000070fa00000, 0x000000070fb89040, 0x000000070fc00000| 76%| E|  |TAMS 0x000000070fa00000, 0x000000070fa00000| Complete 
| 126|0x000000070fc00000, 0x000000070fe00000, 0x000000070fe00000|100%| E|CS|TAMS 0x000000070fc00000, 0x000000070fc00000| Complete 
| 127|0x000000070fe00000, 0x0000000710000000, 0x0000000710000000|100%| E|  |TAMS 0x000000070fe00000, 0x000000070fe00000| Complete 

Card table byte_map: [0x0000000109140000,0x0000000109940000] _byte_map_base: 0x0000000105940000

Marking Bits (Prev, Next): (CMBitMap*) 0x00007fcd2b03e410, (CMBitMap*) 0x00007fcd2b03e450
 Prev Bits: [0x000000010a140000, 0x000000010e140000)
 Next Bits: [0x000000011ff55000, 0x0000000123f55000)

Polling page: 0x0000000102d0e000

Metaspace:

Usage:
  Non-class:      5.47 MB capacity,     5.41 MB ( 99%) used,    57.79 KB (  1%) free+waste,     2.06 KB ( <1%) overhead. 
      Class:    530.00 KB capacity,   491.93 KB ( 93%) used,    37.20 KB (  7%) free+waste,   896 bytes ( <1%) overhead. 
       Both:      5.99 MB capacity,     5.89 MB ( 98%) used,    94.98 KB (  2%) free+waste,     2.94 KB ( <1%) overhead. 

Virtual space:
  Non-class space:        8.00 MB reserved,       5.75 MB ( 72%) committed 
      Class space:        1.00 GB reserved,     640.00 KB ( <1%) committed 
             Both:        1.01 GB reserved,       6.38 MB ( <1%) committed 

Chunk freelists:
   Non-Class:  60.00 KB
       Class:  14.00 KB
        Both:  74.00 KB

MaxMetaspaceSize: 17179869184.00 GB
CompressedClassSpaceSize: 1.00 GB

CodeHeap 'non-profiled nmethods': size=120028Kb used=62Kb max_used=62Kb free=119965Kb
 bounds [0x0000000118a1e000, 0x0000000118c8e000, 0x000000011ff55000]
CodeHeap 'profiled nmethods': size=120028Kb used=271Kb max_used=271Kb free=119756Kb
 bounds [0x00000001114e7000, 0x0000000111757000, 0x0000000118a1e000]
CodeHeap 'non-nmethods': size=5704Kb used=1100Kb max_used=1113Kb free=4603Kb
 bounds [0x0000000110f55000, 0x00000001111c5000, 0x00000001114e7000]
 total_blobs=570 nmethods=229 adapters=255
 compilation: enabled
              stopped_count=0, restarted_count=0
 full_count=0

Compilation events (20 events):
Event: 0.213 Thread 0x00007fcd2e009400  218       3       java.lang.CharacterDataLatin1::toUpperCase (53 bytes)
Event: 0.213 Thread 0x00007fcd2e009400 nmethod 218 0x0000000111528d10 code [0x0000000111528ec0, 0x0000000111529150]
Event: 0.213 Thread 0x00007fcd2e009400  221       3       java.lang.String::lastIndexOf (12 bytes)
Event: 0.213 Thread 0x00007fcd2e009400 nmethod 221 0x0000000111529290 code [0x0000000111529460, 0x0000000111529850]
Event: 0.213 Thread 0x00007fcd2e009400  222       3       java.util.zip.ZipUtils::CENLEN (9 bytes)
Event: 0.213 Thread 0x00007fcd2e009400 nmethod 222 0x0000000111529a10 code [0x0000000111529bc0, 0x0000000111529e90]
Event: 0.213 Thread 0x00007fcd2e009400  223       1       java.net.URL::getPort (5 bytes)
Event: 0.213 Thread 0x00007fcd2e009400 nmethod 223 0x0000000118a2c690 code [0x0000000118a2c820, 0x0000000118a2c8d0]
Event: 0.214 Thread 0x00007fcd2e009400  224       1       java.net.URL::getAuthority (5 bytes)
Event: 0.214 Thread 0x00007fcd2e009400 nmethod 224 0x0000000118a2c990 code [0x0000000118a2cb20, 0x0000000118a2cbd0]
Event: 0.214 Thread 0x00007fcd2e009400  225       1       java.net.URL::getPath (5 bytes)
Event: 0.214 Thread 0x00007fcd2e009400 nmethod 225 0x0000000118a2cc90 code [0x0000000118a2ce20, 0x0000000118a2ced0]
Event: 0.214 Thread 0x00007fcd2e009400  226       1       java.net.URL::getQuery (5 bytes)
Event: 0.214 Thread 0x00007fcd2e009400 nmethod 226 0x0000000118a2cf90 code [0x0000000118a2d120, 0x0000000118a2d1d0]
Event: 0.214 Thread 0x00007fcd2e009400  227       1       java.net.URL::getRef (5 bytes)
Event: 0.214 Thread 0x00007fcd2e009400 nmethod 227 0x0000000118a2d290 code [0x0000000118a2d420, 0x0000000118a2d4d0]
Event: 0.214 Thread 0x00007fcd2e009400  228       3       sun.net.www.ParseUtil::firstEncodeIndex (86 bytes)
Event: 0.215 Thread 0x00007fcd2e009400 nmethod 228 0x000000011152a010 code [0x000000011152a240, 0x000000011152abe0]
Event: 0.215 Thread 0x00007fcd2e009400  229       1       java.util.jar.Attributes$Name::hashCode (5 bytes)
Event: 0.215 Thread 0x00007fcd2e009400 nmethod 229 0x0000000118a2d590 code [0x0000000118a2d720, 0x0000000118a2d7d0]

GC Heap History (0 events):
No events

Deoptimization events (2 events):
Event: 0.172 Thread 0x00007fcd2b01f000 DEOPT PACKING pc=0x00000001114ee86d sp=0x000070000b7d4420
Event: 0.172 Thread 0x00007fcd2b01f000 DEOPT UNPACKING pc=0x0000000110fa2f2b sp=0x000070000b7d38c8 mode 0

Classes unloaded (0 events):
No events

Classes redefined (0 events):
No events

Internal exceptions (0 events):
No events

Events (20 events):
Event: 0.206 loading class java/io/ByteArrayOutputStream
Event: 0.206 loading class java/io/ByteArrayOutputStream done
Event: 0.207 loading class sun/net/www/protocol/jrt/Handler
Event: 0.207 loading class sun/net/www/protocol/jrt/Handler done
Event: 0.207 loading class java/lang/IllegalStateException
Event: 0.208 loading class java/lang/IllegalStateException done
Event: 0.208 loading class java/lang/PublicMethods$MethodList
Event: 0.208 loading class java/lang/PublicMethods$MethodList done
Event: 0.208 loading class java/beans/PropertyChangeListener
Event: 0.208 loading class java/util/EventListener
Event: 0.208 loading class java/util/EventListener done
Event: 0.208 loading class java/beans/PropertyChangeListener done
Event: 0.209 loading class java/security/cert/X509Certificate
Event: 0.209 loading class java/security/cert/X509Extension
Event: 0.209 loading class java/security/cert/X509Extension done
Event: 0.209 loading class java/security/cert/X509Certificate done
Event: 0.215 loading class java/lang/PublicMethods$Key
Event: 0.215 loading class java/lang/PublicMethods$Key done
Event: 0.216 loading class java/lang/Class$EnclosingMethodInfo
Event: 0.216 loading class java/lang/Class$EnclosingMethodInfo done


Dynamic libraries:
0x00007fff6b57a000 	/usr/lib/libz.1.dylib
0x0000000102cdd000 	/Users/ledung/.p2/pool/plugins/org.eclipse.justj.openjdk.hotspot.jre.full.macosx.x86_64_15.0.2.v20210201-0955/jre/lib/libjli.dylib
0x00007fff314b5000 	/System/Library/Frameworks/Cocoa.framework/Versions/A/Cocoa
0x00007fff3eae0000 	/System/Library/Frameworks/Security.framework/Versions/A/Security
0x00007fff3041b000 	/System/Library/Frameworks/ApplicationServices.framework/Versions/A/ApplicationServices
0x00007fff6903c000 	/usr/lib/libSystem.B.dylib
0x00007fff6be3b000 	/usr/lib/system/libcache.dylib
0x00007fff6be41000 	/usr/lib/system/libcommonCrypto.dylib
0x00007fff6be4d000 	/usr/lib/system/libcompiler_rt.dylib
0x00007fff6be55000 	/usr/lib/system/libcopyfile.dylib
0x00007fff6be5f000 	/usr/lib/system/libcorecrypto.dylib
0x00007fff6bffe000 	/usr/lib/system/libdispatch.dylib
0x00007fff6c03f000 	/usr/lib/system/libdyld.dylib
0x00007fff6c076000 	/usr/lib/system/libkeymgr.dylib
0x00007fff6c084000 	/usr/lib/system/liblaunch.dylib
0x00007fff6c085000 	/usr/lib/system/libmacho.dylib
0x00007fff6c08b000 	/usr/lib/system/libquarantine.dylib
0x00007fff6c08e000 	/usr/lib/system/libremovefile.dylib
0x00007fff6c090000 	/usr/lib/system/libsystem_asl.dylib
0x00007fff6c0a8000 	/usr/lib/system/libsystem_blocks.dylib
0x00007fff6c0a9000 	/usr/lib/system/libsystem_c.dylib
0x00007fff6c131000 	/usr/lib/system/libsystem_configuration.dylib
0x00007fff6c135000 	/usr/lib/system/libsystem_coreservices.dylib
0x00007fff6c139000 	/usr/lib/system/libsystem_darwin.dylib
0x00007fff6c142000 	/usr/lib/system/libsystem_dnssd.dylib
0x00007fff6c14a000 	/usr/lib/system/libsystem_featureflags.dylib
0x00007fff6c14c000 	/usr/lib/system/libsystem_info.dylib
0x00007fff6c1c7000 	/usr/lib/system/libsystem_m.dylib
0x00007fff6c20f000 	/usr/lib/system/libsystem_malloc.dylib
0x00007fff6c237000 	/usr/lib/system/libsystem_networkextension.dylib
0x00007fff6c245000 	/usr/lib/system/libsystem_notify.dylib
0x00007fff6c263000 	/usr/lib/system/libsystem_sandbox.dylib
0x00007fff6c268000 	/usr/lib/system/libsystem_secinit.dylib
0x00007fff6c19a000 	/usr/lib/system/libsystem_kernel.dylib
0x00007fff6c24f000 	/usr/lib/system/libsystem_platform.dylib
0x00007fff6c258000 	/usr/lib/system/libsystem_pthread.dylib
0x00007fff6c26b000 	/usr/lib/system/libsystem_symptoms.dylib
0x00007fff6c273000 	/usr/lib/system/libsystem_trace.dylib
0x00007fff6c28b000 	/usr/lib/system/libunwind.dylib
0x00007fff6c291000 	/usr/lib/system/libxpc.dylib
0x00007fff6ae9e000 	/usr/lib/libobjc.A.dylib
0x00007fff69375000 	/usr/lib/libc++abi.dylib
0x00007fff69322000 	/usr/lib/libc++.1.dylib
0x00007fff32357000 	/System/Library/Frameworks/CoreFoundation.framework/Versions/A/CoreFoundation
0x00007fff34a17000 	/System/Library/Frameworks/Foundation.framework/Versions/C/Foundation
0x00007fff2f60d000 	/System/Library/Frameworks/AppKit.framework/Versions/C/AppKit
0x00007fff31e39000 	/System/Library/Frameworks/CoreData.framework/Versions/A/CoreData
0x00007fff63298000 	/System/Library/PrivateFrameworks/UIFoundation.framework/Versions/A/UIFoundation
0x00007fff5e32c000 	/System/Library/PrivateFrameworks/RemoteViewServices.framework/Versions/A/RemoteViewServices
0x00007fff65bac000 	/System/Library/PrivateFrameworks/XCTTargetBootstrap.framework/Versions/A/XCTTargetBootstrap
0x00007fff32224000 	/System/Library/Frameworks/CoreDisplay.framework/Versions/A/CoreDisplay
0x00007fff378d2000 	/System/Library/Frameworks/Metal.framework/Versions/A/Metal
0x00007fff4c313000 	/System/Library/PrivateFrameworks/DesktopServicesPriv.framework/Versions/A/DesktopServicesPriv
0x00007fff6a179000 	/usr/lib/liblangid.dylib
0x00007fff4b5a8000 	/System/Library/PrivateFrameworks/CoreSVG.framework/Versions/A/CoreSVG
0x00007fff61488000 	/System/Library/PrivateFrameworks/SkyLight.framework/Versions/A/SkyLight
0x00007fff327d9000 	/System/Library/Frameworks/CoreGraphics.framework/Versions/A/CoreGraphics
0x00007fff2dfe1000 	/System/Library/Frameworks/Accelerate.framework/Versions/A/Accelerate
0x00007fff6b46b000 	/usr/lib/libxml2.2.dylib
0x00007fff572b5000 	/System/Library/PrivateFrameworks/IconServices.framework/Versions/A/IconServices
0x00007fff351f6000 	/System/Library/Frameworks/IOSurface.framework/Versions/A/IOSurface
0x00007fff68b66000 	/usr/lib/libDiagnosticMessagesClient.dylib
0x00007fff4c16d000 	/System/Library/PrivateFrameworks/DFRFoundation.framework/Versions/A/DFRFoundation
0x00007fff69f08000 	/usr/lib/libicucore.A.dylib
0x00007fff3074d000 	/System/Library/Frameworks/AudioToolbox.framework/Versions/A/AudioToolbox
0x00007fff30830000 	/System/Library/Frameworks/AudioUnit.framework/Versions/A/AudioUnit
0x00007fff6923e000 	/usr/lib/libauto.dylib
0x00007fff4c20f000 	/System/Library/PrivateFrameworks/DataDetectorsCore.framework/Versions/A/DataDetectorsCore
0x00007fff30fd6000 	/System/Library/Frameworks/Carbon.framework/Versions/A/Frameworks/HIToolbox.framework/Versions/A/HIToolbox
0x00007fff3dcd9000 	/System/Library/Frameworks/QuartzCore.framework/Versions/A/QuartzCore
0x00007fff31315000 	/System/Library/Frameworks/Carbon.framework/Versions/A/Frameworks/SpeechRecognition.framework/Versions/A/SpeechRecognition
0x00007fff4bc81000 	/System/Library/PrivateFrameworks/CoreUI.framework/Versions/A/CoreUI
0x00007fff318a4000 	/System/Library/Frameworks/CoreAudio.framework/Versions/A/CoreAudio
0x00007fff346d5000 	/System/Library/Frameworks/DiskArbitration.framework/Versions/A/DiskArbitration
0x00007fff59305000 	/System/Library/PrivateFrameworks/MultitouchSupport.framework/Versions/A/MultitouchSupport
0x00007fff69dcd000 	/usr/lib/libenergytrace.dylib
0x00007fff35150000 	/System/Library/Frameworks/IOKit.framework/Versions/A/IOKit
0x00007fff33740000 	/System/Library/Frameworks/CoreServices.framework/Versions/A/CoreServices
0x00007fff5b4bf000 	/System/Library/PrivateFrameworks/PerformanceAnalysis.framework/Versions/A/PerformanceAnalysis
0x00007fff3cd0c000 	/System/Library/Frameworks/OpenGL.framework/Versions/A/OpenGL
0x00007fff314c3000 	/System/Library/Frameworks/ColorSync.framework/Versions/A/ColorSync
0x00007fff32e5c000 	/System/Library/Frameworks/CoreImage.framework/Versions/A/CoreImage
0x00007fff341b4000 	/System/Library/Frameworks/CoreText.framework/Versions/A/CoreText
0x00007fff35286000 	/System/Library/Frameworks/ImageIO.framework/Versions/A/ImageIO
0x00007fff6939e000 	/usr/lib/libcompression.dylib
0x00007fff68eaa000 	/usr/lib/libMobileGestalt.dylib
0x00007fff63002000 	/System/Library/PrivateFrameworks/TextureIO.framework/Versions/A/TextureIO
0x00007fff691a1000 	/usr/lib/libate.dylib
0x00007fff574be000 	/System/Library/PrivateFrameworks/InternationalSupport.framework/Versions/A/InternationalSupport
0x00007fff6a17b000 	/usr/lib/liblzma.5.dylib
0x00007fff69df6000 	/usr/lib/libfakelink.dylib
0x00007fff6912e000 	/usr/lib/libarchive.2.dylib
0x00007fff3fb93000 	/System/Library/Frameworks/SystemConfiguration.framework/Versions/A/SystemConfiguration
0x00007fff68a99000 	/usr/lib/libCRFSuite.dylib
0x00007fff30bc7000 	/System/Library/Frameworks/CFNetwork.framework/Versions/A/CFNetwork
0x00007fff69304000 	/usr/lib/libbsm.0.dylib
0x00007fff6c077000 	/usr/lib/system/libkxld.dylib
0x00007fff45ad0000 	/System/Library/PrivateFrameworks/AppleFSCompression.framework/Versions/A/AppleFSCompression
0x00007fff6968f000 	/usr/lib/libcoretls.dylib
0x00007fff696a6000 	/usr/lib/libcoretls_cfhelpers.dylib
0x00007fff6aee4000 	/usr/lib/libpam.2.dylib
0x00007fff6b019000 	/usr/lib/libsqlite3.dylib
0x00007fff6b458000 	/usr/lib/libxar.1.dylib
0x00007fff69315000 	/usr/lib/libbz2.1.0.dylib
0x00007fff69e17000 	/usr/lib/libiconv.2.dylib
0x00007fff6938b000 	/usr/lib/libcharset.1.dylib
0x00007fff6a981000 	/usr/lib/libnetwork.dylib
0x00007fff6aeeb000 	/usr/lib/libpcap.A.dylib
0x00007fff690e3000 	/usr/lib/libapple_nghttp2.dylib
0x00007fff33af7000 	/System/Library/Frameworks/CoreServices.framework/Versions/A/Frameworks/FSEvents.framework/Versions/A/FSEvents
0x00007fff337c7000 	/System/Library/Frameworks/CoreServices.framework/Versions/A/Frameworks/CarbonCore.framework/Versions/A/CarbonCore
0x00007fff33d3c000 	/System/Library/Frameworks/CoreServices.framework/Versions/A/Frameworks/Metadata.framework/Versions/A/Metadata
0x00007fff33dd5000 	/System/Library/Frameworks/CoreServices.framework/Versions/A/Frameworks/OSServices.framework/Versions/A/OSServices
0x00007fff33e03000 	/System/Library/Frameworks/CoreServices.framework/Versions/A/Frameworks/SearchKit.framework/Versions/A/SearchKit
0x00007fff33741000 	/System/Library/Frameworks/CoreServices.framework/Versions/A/Frameworks/AE.framework/Versions/A/AE
0x00007fff33b00000 	/System/Library/Frameworks/CoreServices.framework/Versions/A/Frameworks/LaunchServices.framework/Versions/A/LaunchServices
0x00007fff33aa9000 	/System/Library/Frameworks/CoreServices.framework/Versions/A/Frameworks/DictionaryServices.framework/Versions/A/DictionaryServices
0x00007fff33e6b000 	/System/Library/Frameworks/CoreServices.framework/Versions/A/Frameworks/SharedFileList.framework/Versions/A/SharedFileList
0x00007fff38b2b000 	/System/Library/Frameworks/NetFS.framework/Versions/A/NetFS
0x00007fff59835000 	/System/Library/PrivateFrameworks/NetAuth.framework/Versions/A/NetAuth
0x00007fff65f79000 	/System/Library/PrivateFrameworks/login.framework/Versions/A/Frameworks/loginsupport.framework/Versions/A/loginsupport
0x00007fff62acd000 	/System/Library/PrivateFrameworks/TCC.framework/Versions/A/TCC
0x00007fff4a705000 	/System/Library/PrivateFrameworks/CoreNLP.framework/Versions/A/CoreNLP
0x00007fff58d32000 	/System/Library/PrivateFrameworks/MetadataUtilities.framework/Versions/A/MetadataUtilities
0x00007fff6a253000 	/usr/lib/libmecabra.dylib
0x00007fff6a1ab000 	/usr/lib/libmecab.dylib
0x00007fff69e07000 	/usr/lib/libgermantok.dylib
0x00007fff690ca000 	/usr/lib/libThaiTokenizer.dylib
0x00007fff68ad0000 	/usr/lib/libChineseTokenizer.dylib
0x00007fff2dff9000 	/System/Library/Frameworks/Accelerate.framework/Versions/A/Frameworks/vImage.framework/Versions/A/vImage
0x00007fff2f463000 	/System/Library/Frameworks/Accelerate.framework/Versions/A/Frameworks/vecLib.framework/Versions/A/vecLib
0x00007fff2f3a0000 	/System/Library/Frameworks/Accelerate.framework/Versions/A/Frameworks/vecLib.framework/Versions/A/libvMisc.dylib
0x00007fff2f1c8000 	/System/Library/Frameworks/Accelerate.framework/Versions/A/Frameworks/vecLib.framework/Versions/A/libvDSP.dylib
0x00007fff2e650000 	/System/Library/Frameworks/Accelerate.framework/Versions/A/Frameworks/vecLib.framework/Versions/A/libBLAS.dylib
0x00007fff2ed8c000 	/System/Library/Frameworks/Accelerate.framework/Versions/A/Frameworks/vecLib.framework/Versions/A/libLAPACK.dylib
0x00007fff2f128000 	/System/Library/Frameworks/Accelerate.framework/Versions/A/Frameworks/vecLib.framework/Versions/A/libLinearAlgebra.dylib
0x00007fff2f1b5000 	/System/Library/Frameworks/Accelerate.framework/Versions/A/Frameworks/vecLib.framework/Versions/A/libSparseBLAS.dylib
0x00007fff2f13e000 	/System/Library/Frameworks/Accelerate.framework/Versions/A/Frameworks/vecLib.framework/Versions/A/libQuadrature.dylib
0x00007fff2e8b8000 	/System/Library/Frameworks/Accelerate.framework/Versions/A/Frameworks/vecLib.framework/Versions/A/libBNNS.dylib
0x00007fff2f144000 	/System/Library/Frameworks/Accelerate.framework/Versions/A/Frameworks/vecLib.framework/Versions/A/libSparse.dylib
0x00007fff578a6000 	/System/Library/PrivateFrameworks/LanguageModeling.framework/Versions/A/LanguageModeling
0x00007fff4a0b4000 	/System/Library/PrivateFrameworks/CoreEmoji.framework/Versions/A/CoreEmoji
0x00007fff579c4000 	/System/Library/PrivateFrameworks/LinguisticData.framework/Versions/A/LinguisticData
0x00007fff57975000 	/System/Library/PrivateFrameworks/Lexicon.framework/Versions/A/Lexicon
0x00007fff6938c000 	/usr/lib/libcmph.dylib
0x00007fff3b71a000 	/System/Library/Frameworks/OpenDirectory.framework/Versions/A/Frameworks/CFOpenDirectory.framework/Versions/A/CFOpenDirectory
0x00007fff3b737000 	/System/Library/Frameworks/OpenDirectory.framework/Versions/A/OpenDirectory
0x00007fff43b7d000 	/System/Library/PrivateFrameworks/APFS.framework/Versions/A/APFS
0x00007fff3ee2c000 	/System/Library/Frameworks/SecurityFoundation.framework/Versions/A/SecurityFoundation
0x00007fff6b454000 	/usr/lib/libutil.dylib
0x00007fff4b600000 	/System/Library/PrivateFrameworks/CoreServicesStore.framework/Versions/A/CoreServicesStore
0x00007fff3eee3000 	/System/Library/Frameworks/ServiceManagement.framework/Versions/A/ServiceManagement
0x00007fff472a2000 	/System/Library/PrivateFrameworks/BackgroundTaskManagement.framework/Versions/A/BackgroundTaskManagement
0x00007fff6b551000 	/usr/lib/libxslt.1.dylib
0x00007fff46144000 	/System/Library/PrivateFrameworks/AppleSystemInfo.framework/Versions/A/AppleSystemInfo
0x00007fff354a3000 	/System/Library/Frameworks/ImageIO.framework/Versions/A/Resources/libJPEG.dylib
0x00007fff35760000 	/System/Library/Frameworks/ImageIO.framework/Versions/A/Resources/libTIFF.dylib
0x00007fff35743000 	/System/Library/Frameworks/ImageIO.framework/Versions/A/Resources/libPng.dylib
0x00007fff353e5000 	/System/Library/Frameworks/ImageIO.framework/Versions/A/Resources/libGIF.dylib
0x00007fff353e9000 	/System/Library/Frameworks/ImageIO.framework/Versions/A/Resources/libJP2.dylib
0x00007fff3575e000 	/System/Library/Frameworks/ImageIO.framework/Versions/A/Resources/libRadiance.dylib
0x00007fff69dce000 	/usr/lib/libexpat.1.dylib
0x00007fff45c2b000 	/System/Library/PrivateFrameworks/AppleJPEG.framework/Versions/A/AppleJPEG
0x00007fff4e915000 	/System/Library/PrivateFrameworks/FontServices.framework/libFontParser.dylib
0x00007fff64f7b000 	/System/Library/PrivateFrameworks/WatchdogClient.framework/Versions/A/WatchdogClient
0x00007fff56f01000 	/System/Library/PrivateFrameworks/IOAccelerator.framework/Versions/A/IOAccelerator
0x00007fff37c6d000 	/System/Library/Frameworks/MetalPerformanceShaders.framework/Versions/A/MetalPerformanceShaders
0x00007fff53691000 	/System/Library/PrivateFrameworks/GPUWrangler.framework/Versions/A/GPUWrangler
0x00007fff56f16000 	/System/Library/PrivateFrameworks/IOPresentment.framework/Versions/A/IOPresentment
0x00007fff4c180000 	/System/Library/PrivateFrameworks/DSExternalDisplay.framework/Versions/A/DSExternalDisplay
0x00007fff3c0ab000 	/System/Library/Frameworks/OpenGL.framework/Versions/A/Libraries/libCoreFSCache.dylib
0x00007fff379b9000 	/System/Library/Frameworks/MetalPerformanceShaders.framework/Frameworks/MPSCore.framework/Versions/A/MPSCore
0x00007fff379f7000 	/System/Library/Frameworks/MetalPerformanceShaders.framework/Frameworks/MPSImage.framework/Versions/A/MPSImage
0x00007fff37abe000 	/System/Library/Frameworks/MetalPerformanceShaders.framework/Frameworks/MPSNeuralNetwork.framework/Versions/A/MPSNeuralNetwork
0x00007fff37a82000 	/System/Library/Frameworks/MetalPerformanceShaders.framework/Frameworks/MPSMatrix.framework/Versions/A/MPSMatrix
0x00007fff37c1d000 	/System/Library/Frameworks/MetalPerformanceShaders.framework/Frameworks/MPSRayIntersector.framework/Versions/A/MPSRayIntersector
0x00007fff37aa8000 	/System/Library/Frameworks/MetalPerformanceShaders.framework/Frameworks/MPSNDArray.framework/Versions/A/MPSNDArray
0x00007fff58d7f000 	/System/Library/PrivateFrameworks/MetalTools.framework/Versions/A/MetalTools
0x00007fff44d57000 	/System/Library/PrivateFrameworks/AggregateDictionary.framework/Versions/A/AggregateDictionary
0x00007fff49afc000 	/System/Library/PrivateFrameworks/CoreAnalytics.framework/Versions/A/CoreAnalytics
0x00007fff46062000 	/System/Library/PrivateFrameworks/AppleSauce.framework/Versions/A/AppleSauce
0x00007fff68d8c000 	/usr/lib/libIOReport.dylib
0x00007fff3436c000 	/System/Library/Frameworks/CoreVideo.framework/Versions/A/CoreVideo
0x00007fff54b0a000 	/System/Library/PrivateFrameworks/GraphVisualizer.framework/Versions/A/GraphVisualizer
0x00007fff4de5b000 	/System/Library/PrivateFrameworks/FaceCore.framework/Versions/A/FaceCore
0x00007fff3b6c1000 	/System/Library/Frameworks/OpenCL.framework/Versions/A/OpenCL
0x00007fff68bae000 	/usr/lib/libFosl_dynamic.dylib
0x00007fff5a257000 	/System/Library/PrivateFrameworks/OTSVG.framework/Versions/A/OTSVG
0x00007fff30520000 	/System/Library/Frameworks/ApplicationServices.framework/Versions/A/Frameworks/ATS.framework/Versions/A/Resources/libFontRegistry.dylib
0x00007fff4eae5000 	/System/Library/PrivateFrameworks/FontServices.framework/libhvf.dylib
0x00007fff3c0b6000 	/System/Library/Frameworks/OpenGL.framework/Versions/A/Libraries/libGFXShared.dylib
0x00007fff3c294000 	/System/Library/Frameworks/OpenGL.framework/Versions/A/Libraries/libGLU.dylib
0x00007fff3c0bf000 	/System/Library/Frameworks/OpenGL.framework/Versions/A/Libraries/libGL.dylib
0x00007fff3c0ca000 	/System/Library/Frameworks/OpenGL.framework/Versions/A/Libraries/libGLImage.dylib
0x00007fff3c0a8000 	/System/Library/Frameworks/OpenGL.framework/Versions/A/Libraries/libCVMSPluginSupport.dylib
0x00007fff3c0b1000 	/System/Library/Frameworks/OpenGL.framework/Versions/A/Libraries/libCoreVMClient.dylib
0x00007fff6a822000 	/usr/lib/libncurses.5.4.dylib
0x00007fff3041c000 	/System/Library/Frameworks/ApplicationServices.framework/Versions/A/Frameworks/ATS.framework/Versions/A/ATS
0x00007fff305e9000 	/System/Library/Frameworks/ApplicationServices.framework/Versions/A/Frameworks/ColorSyncLegacy.framework/Versions/A/ColorSyncLegacy
0x00007fff30687000 	/System/Library/Frameworks/ApplicationServices.framework/Versions/A/Frameworks/HIServices.framework/Versions/A/HIServices
0x00007fff306df000 	/System/Library/Frameworks/ApplicationServices.framework/Versions/A/Frameworks/LangAnalysis.framework/Versions/A/LangAnalysis
0x00007fff306ee000 	/System/Library/Frameworks/ApplicationServices.framework/Versions/A/Frameworks/PrintCore.framework/Versions/A/PrintCore
0x00007fff30734000 	/System/Library/Frameworks/ApplicationServices.framework/Versions/A/Frameworks/QD.framework/Versions/A/QD
0x00007fff3073f000 	/System/Library/Frameworks/ApplicationServices.framework/Versions/A/Frameworks/SpeechSynthesis.framework/Versions/A/SpeechSynthesis
0x00007fff305b9000 	/System/Library/Frameworks/ApplicationServices.framework/Versions/A/Frameworks/ATSUI.framework/Versions/A/ATSUI
0x00007fff69c64000 	/usr/lib/libcups.2.dylib
0x00007fff36d08000 	/System/Library/Frameworks/Kerberos.framework/Versions/A/Kerberos
0x00007fff34e49000 	/System/Library/Frameworks/GSS.framework/Versions/A/GSS
0x00007fff6afa5000 	/usr/lib/libresolv.9.dylib
0x00007fff54cb7000 	/System/Library/PrivateFrameworks/Heimdal.framework/Versions/A/Heimdal
0x00007fff36d1b000 	/System/Library/Frameworks/Kerberos.framework/Versions/A/Libraries/libHeimdalProxy.dylib
0x00007fff69e0d000 	/usr/lib/libheimdal-asn1.dylib
0x00007fff48f94000 	/System/Library/PrivateFrameworks/CommonAuth.framework/Versions/A/CommonAuth
0x00007fff461e1000 	/System/Library/PrivateFrameworks/AssertionServices.framework/Versions/A/AssertionServices
0x00007fff46d84000 	/System/Library/PrivateFrameworks/AudioToolboxCore.framework/Versions/A/AudioToolboxCore
0x00007fff65c29000 	/System/Library/PrivateFrameworks/caulk.framework/Versions/A/caulk
0x00007fff4734e000 	/System/Library/PrivateFrameworks/BaseBoard.framework/Versions/A/BaseBoard
0x00007fff5e4ba000 	/System/Library/PrivateFrameworks/RunningBoardServices.framework/Versions/A/RunningBoardServices
0x00007fff5b4cb000 	/System/Library/PrivateFrameworks/PersistentConnection.framework/Versions/A/PersistentConnection
0x00007fff5deb3000 	/System/Library/PrivateFrameworks/ProtocolBuffer.framework/Versions/A/ProtocolBuffer
0x00007fff48fb8000 	/System/Library/PrivateFrameworks/CommonUtilities.framework/Versions/A/CommonUtilities
0x00007fff474dc000 	/System/Library/PrivateFrameworks/Bom.framework/Versions/A/Bom
0x00007fff68a5f000 	/usr/lib/libAudioToolboxUtility.dylib
0x00007fff472ac000 	/System/Library/PrivateFrameworks/Backup.framework/Versions/A/Backup
0x00007fff4c0a1000 	/System/Library/PrivateFrameworks/CrashReporterSupport.framework/Versions/A/CrashReporterSupport
0x00007fff5ff4c000 	/System/Library/PrivateFrameworks/Sharing.framework/Versions/A/Sharing
0x00007fff457ee000 	/System/Library/PrivateFrameworks/Apple80211.framework/Versions/A/Apple80211
0x00007fff46fc9000 	/System/Library/PrivateFrameworks/AuthKit.framework/Versions/A/AuthKit
0x00007fff4bdae000 	/System/Library/PrivateFrameworks/CoreUtils.framework/Versions/A/CoreUtils
0x00007fff343b1000 	/System/Library/Frameworks/CoreWLAN.framework/Versions/A/CoreWLAN
0x00007fff34fd6000 	/System/Library/Frameworks/IOBluetooth.framework/Versions/A/IOBluetooth
0x00007fff59084000 	/System/Library/PrivateFrameworks/MobileKeyBag.framework/Versions/A/MobileKeyBag
0x00007fff4ab9d000 	/System/Library/PrivateFrameworks/CorePhoneNumbers.framework/Versions/A/CorePhoneNumbers
0x00007fff45bde000 	/System/Library/PrivateFrameworks/AppleIDAuthSupport.framework/Versions/A/AppleIDAuthSupport
0x00007fff38b38000 	/System/Library/Frameworks/Network.framework/Versions/A/Network
0x00007fff57752000 	/System/Library/PrivateFrameworks/KeychainCircle.framework/Versions/A/KeychainCircle
0x00007fff31e00000 	/System/Library/Frameworks/CoreBluetooth.framework/Versions/A/CoreBluetooth
0x00007fff61fcb000 	/System/Library/PrivateFrameworks/SpeechRecognitionCore.framework/Versions/A/SpeechRecognitionCore
0x0000000103e00000 	/Users/ledung/.p2/pool/plugins/org.eclipse.justj.openjdk.hotspot.jre.full.macosx.x86_64_15.0.2.v20210201-0955/jre/lib/server/libjvm.dylib
0x0000000102d02000 	/Users/ledung/.p2/pool/plugins/org.eclipse.justj.openjdk.hotspot.jre.full.macosx.x86_64_15.0.2.v20210201-0955/jre/lib/libjimage.dylib
0x0000000102d58000 	/Users/ledung/.p2/pool/plugins/org.eclipse.justj.openjdk.hotspot.jre.full.macosx.x86_64_15.0.2.v20210201-0955/jre/lib/libjava.dylib
0x0000000102d8f000 	/Users/ledung/.p2/pool/plugins/org.eclipse.justj.openjdk.hotspot.jre.full.macosx.x86_64_15.0.2.v20210201-0955/jre/lib/libzip.dylib
0x0000000102dad000 	/Users/ledung/.p2/pool/plugins/org.eclipse.justj.openjdk.hotspot.jre.full.macosx.x86_64_15.0.2.v20210201-0955/jre/lib/libnio.dylib
0x0000000102dc1000 	/Users/ledung/.p2/pool/plugins/org.eclipse.justj.openjdk.hotspot.jre.full.macosx.x86_64_15.0.2.v20210201-0955/jre/lib/libnet.dylib


VM Arguments:
jvm_args: -Dfile.encoding=UTF-8 -XX:+ShowCodeDetailsInExceptionMessages 
java_command: org.apache.catalina.startup.Tomcat$1
java_class_path (initial): /Users/ledung/Downloads/laptop-shop/target/classes:/Users/ledung/.m2/repository/org/springframework/boot/spring-boot-starter-data-jpa/2.0.4.RELEASE/spring-boot-starter-data-jpa-2.0.4.RELEASE.jar:/Users/ledung/.m2/repository/org/springframework/boot/spring-boot-starter/2.0.4.RELEASE/spring-boot-starter-2.0.4.RELEASE.jar:/Users/ledung/.m2/repository/org/springframework/boot/spring-boot-starter-logging/2.0.4.RELEASE/spring-boot-starter-logging-2.0.4.RELEASE.jar:/Users/ledung/.m2/repository/ch/qos/logback/logback-classic/1.2.3/logback-classic-1.2.3.jar:/Users/ledung/.m2/repository/ch/qos/logback/logback-core/1.2.3/logback-core-1.2.3.jar:/Users/ledung/.m2/repository/org/apache/logging/log4j/log4j-to-slf4j/2.10.0/log4j-to-slf4j-2.10.0.jar:/Users/ledung/.m2/repository/org/apache/logging/log4j/log4j-api/2.10.0/log4j-api-2.10.0.jar:/Users/ledung/.m2/repository/org/slf4j/jul-to-slf4j/1.7.25/jul-to-slf4j-1.7.25.jar:/Users/ledung/.m2/repository/org/yaml/snakeyaml/1.19/snakeyaml-1.19.jar:/Users/ledung/.m2/repository/org/springframework/boot/spring-boot-starter-aop/2.0.4.RELEASE/spring-boot-starter-aop-2.0.4.RELEASE.jar:/Users/ledung/.m2/repository/org/aspectj/aspectjweaver/1.8.13/aspectjweaver-1.8.13.jar:/Users/ledung/.m2/repository/org/springframework/boot/spring-boot-starter-jdbc/2.0.4.RELEASE/spring-boot-starter-jdbc-2.0.4.RELEASE.jar:/Users/ledung/.m2/repository/com/zaxxer/HikariCP/2.7.9/HikariCP-2.7.9.jar:/Users/ledung/.m2/repository/org/springframework/spring-jdbc/5.0.8.RELEASE/spring-jdbc-5.0.8.RELEASE.jar:/Users/ledung/.m2/repository/org/hibernate/hibernate-core/5.2.17.Final/hibernate-core-5.2.17.Final.jar:/Users/ledung/.m2/repository/org/jboss/logging/jboss-logging/3.3.2.Final/jboss-logging-3.3.2.Final.jar:/Users/ledung/.m2/repository/org/hibernate/javax/persistence/hibernate-jpa-2.1-api/1.0.2.Final/hibernate-jpa-2.1-api-1.0.2.Final.jar:/Users/ledung/.m2/repository/antlr/antlr/2.7.7/antlr-2.7.7.jar:/Users/ledung/.m2/repository/org/jboss/jand
Launcher Type: SUN_STANDARD

[Global flags]
     intx CICompilerCount                          = 4                                         {product} {ergonomic}
     uint ConcGCThreads                            = 2                                         {product} {ergonomic}
     uint G1ConcRefinementThreads                  = 8                                         {product} {ergonomic}
   size_t G1HeapRegionSize                         = 2097152                                   {product} {ergonomic}
    uintx GCDrainStackTargetSize                   = 64                                        {product} {ergonomic}
   size_t InitialHeapSize                          = 268435456                                 {product} {ergonomic}
   size_t MarkStackSize                            = 4194304                                   {product} {ergonomic}
   size_t MaxHeapSize                              = 4294967296                                {product} {ergonomic}
   size_t MaxNewSize                               = 2575302656                                {product} {ergonomic}
   size_t MinHeapDeltaBytes                        = 2097152                                   {product} {ergonomic}
   size_t MinHeapSize                              = 8388608                                   {product} {ergonomic}
    uintx NonNMethodCodeHeapSize                   = 5839372                                {pd product} {ergonomic}
    uintx NonProfiledCodeHeapSize                  = 122909434                              {pd product} {ergonomic}
    uintx ProfiledCodeHeapSize                     = 122909434                              {pd product} {ergonomic}
    uintx ReservedCodeCacheSize                    = 251658240                              {pd product} {ergonomic}
     bool SegmentedCodeCache                       = true                                      {product} {ergonomic}
     bool ShowCodeDetailsInExceptionMessages       = true                                   {manageable} {command line}
   size_t SoftMaxHeapSize                          = 4294967296                             {manageable} {ergonomic}
     bool UseCompressedClassPointers               = true                                 {lp64_product} {ergonomic}
     bool UseCompressedOops                        = true                                 {lp64_product} {ergonomic}
     bool UseG1GC                                  = true                                      {product} {ergonomic}
     bool UseNUMA                                  = false                                     {product} {ergonomic}
     bool UseNUMAInterleaving                      = false                                     {product} {ergonomic}

Logging:
Log output configuration:
 #0: stdout all=warning uptime,level,tags
 #1: stderr all=off uptime,level,tags

Environment Variables:
PATH=/usr/bin:/bin:/usr/sbin:/sbin
SHELL=/bin/zsh

Signal Handlers:
SIGSEGV: [libjvm.dylib+0xa01020], sa_mask[0]=11111111011111110111111111111111, sa_flags=SA_ONSTACK|SA_RESTART|SA_SIGINFO
SIGBUS: [libjvm.dylib+0xa01020], sa_mask[0]=11111111011111110111111111111111, sa_flags=SA_RESTART|SA_SIGINFO
SIGFPE: [libjvm.dylib+0xa01020], sa_mask[0]=11111111011111110111111111111111, sa_flags=SA_RESTART|SA_SIGINFO
SIGPIPE: [libjvm.dylib+0x82c500], sa_mask[0]=11111111011111110111111111111111, sa_flags=SA_RESTART|SA_SIGINFO
SIGXFSZ: [libjvm.dylib+0x82c500], sa_mask[0]=11111111011111110111111111111111, sa_flags=SA_RESTART|SA_SIGINFO
SIGILL: [libjvm.dylib+0xa01020], sa_mask[0]=11111111011111110111111111111111, sa_flags=SA_RESTART|SA_SIGINFO
SIGUSR2: [libjvm.dylib+0x82d010], sa_mask[0]=00100000000000000000000000000000, sa_flags=SA_RESTART|SA_SIGINFO
SIGHUP: [libjvm.dylib+0x82b710], sa_mask[0]=11111111011111110111111111111111, sa_flags=SA_RESTART|SA_SIGINFO
SIGINT: [libjvm.dylib+0x82b710], sa_mask[0]=11111111011111110111111111111111, sa_flags=SA_RESTART|SA_SIGINFO
SIGTERM: [libjvm.dylib+0x82b710], sa_mask[0]=11111111011111110111111111111111, sa_flags=SA_RESTART|SA_SIGINFO
SIGQUIT: [libjvm.dylib+0x82b710], sa_mask[0]=11111111011111110111111111111111, sa_flags=SA_RESTART|SA_SIGINFO


---------------  S Y S T E M  ---------------

OS:uname: Darwin 19.6.0 Darwin Kernel Version 19.6.0: Mon Apr 18 21:50:40 PDT 2022; root:xnu-6153.141.62~1/RELEASE_X86_64 x86_64
OS uptime: 18 days 22:33 hours
rlimit (soft/hard): STACK 8192k/65532k , CORE 0k/infinity , NPROC 2784/4176 , NOFILE 10240/infinity , AS infinity/infinity , CPU infinity/infinity , DATA infinity/infinity , FSIZE infinity/infinity , MEMLOCK infinity/infinity , RSS infinity/infinity
load average: 2.39 2.91 2.66

CPU: total 8 (initial active 8) (4 cores per cpu, 2 threads per core) family 6 model 70 stepping 1 microcode 0x1c, cmov, cx8, fxsr, mmx, sse, sse2, sse3, ssse3, sse4.1, sse4.2, popcnt, vzeroupper, avx, avx2, aes, clmul, erms, lzcnt, ht, tsc, tscinvbit, bmi1, bmi2, fma, clflush

Memory: 4k page, physical 16777216k(591728k free), swap 2097152k(1213952k free)

vm_info: OpenJDK 64-Bit Server VM (15.0.2+7-27) for bsd-amd64 JRE (15.0.2+7-27), built on Dec  7 2020 20:01:12 by "mach5one" with clang 4.2.1 Compatible Apple LLVM 10.0.0 (clang-1000.11.45.5)

END.
